<?xml version="1.0" encoding="UTF-8"?>
<coverage generated="1698031656812" clover="3.2.0">
  <project timestamp="1698031656812" name="All files">
    <metrics statements="12" coveredstatements="11" conditionals="7" coveredconditionals="6" methods="4" coveredmethods="3" elements="23" coveredelements="20" complexity="0" loc="12" ncloc="12" packages="1" files="2" classes="2"/>
    <file name="types.ts" path="/Users/haoli/Documents/dev/track-t1/src/schedule/types.ts">
      <metrics statements="6" coveredstatements="6" conditionals="4" coveredconditionals="4" methods="2" coveredmethods="2"/>
      <line num="24" count="1" type="cond" truecount="2" falsecount="0"/>
      <line num="25" count="1" type="stmt"/>
      <line num="26" count="1" type="stmt"/>
      <line num="29" count="1" type="cond" truecount="2" falsecount="0"/>
      <line num="30" count="1" type="stmt"/>
      <line num="31" count="1" type="stmt"/>
    </file>
    <file name="utils.ts" path="/Users/haoli/Documents/dev/track-t1/src/schedule/utils.ts">
      <metrics statements="6" coveredstatements="5" conditionals="3" coveredconditionals="2" methods="2" coveredmethods="1"/>
      <line num="1" count="1" type="stmt"/>
      <line num="3" count="1" type="stmt"/>
      <line num="4" count="0" type="stmt"/>
      <line num="7" count="1" type="stmt"/>
      <line num="8" count="4" type="cond" truecount="2" falsecount="1"/>
      <line num="9" count="4" type="stmt"/>
    </file>
  </project>
</coverage>
