TN:
SF:src/schedule/types.ts
FN:24,(anonymous_0)
FN:29,(anonymous_1)
FNF:2
FNH:2
FNDA:1,(anonymous_0)
FNDA:1,(anonymous_1)
DA:24,1
DA:25,1
DA:26,1
DA:29,1
DA:30,1
DA:31,1
LF:6
LH:6
BRDA:24,0,0,1
BRDA:24,0,1,1
BRDA:29,1,0,1
BRDA:29,1,1,1
BRF:4
BRH:4
end_of_record
TN:
SF:src/schedule/utils.ts
FN:3,(anonymous_0)
FN:7,(anonymous_1)
FNF:2
FNH:1
FNDA:0,(anonymous_0)
FNDA:4,(anonymous_1)
DA:1,1
DA:3,1
DA:4,0
DA:7,1
DA:8,4
DA:9,4
LF:6
LH:5
BRDA:8,0,0,0
BRDA:8,1,0,4
BRDA:8,1,1,4
BRF:3
BRH:2
end_of_record
